

Microchip Technology PIC LITE Macro Assembler V1.30 build 55553 
                                                                                               Tue Mar  4 22:35:21 2014

Microchip Technology Omniscient Code Generator (Lite mode) build 55553
     1                           	processor	16F76
     2                           	opt	pw 120
     3                           	opt	lm
     4                           	psect	maintext,global,class=CODE,split=1,delta=2
     5                           	psect	cinit,global,class=CODE,merge=1,delta=2
     6                           	psect	cstackCOMMON,global,class=COMMON,space=1,delta=1
     7                           	dabs	1,0x7E,2
     8  0000                     	;# 
     9  0001                     	;# 
    10  0002                     	;# 
    11  0003                     	;# 
    12  0004                     	;# 
    13  0005                     	;# 
    14  0006                     	;# 
    15  0007                     	;# 
    16  000A                     	;# 
    17  000B                     	;# 
    18  000C                     	;# 
    19  000D                     	;# 
    20  000E                     	;# 
    21  000E                     	;# 
    22  000F                     	;# 
    23  0010                     	;# 
    24  0011                     	;# 
    25  0012                     	;# 
    26  0013                     	;# 
    27  0014                     	;# 
    28  0015                     	;# 
    29  0015                     	;# 
    30  0016                     	;# 
    31  0017                     	;# 
    32  0018                     	;# 
    33  0019                     	;# 
    34  001A                     	;# 
    35  001B                     	;# 
    36  001B                     	;# 
    37  001C                     	;# 
    38  001D                     	;# 
    39  001E                     	;# 
    40  001F                     	;# 
    41  0081                     	;# 
    42  0085                     	;# 
    43  0086                     	;# 
    44  0087                     	;# 
    45  008C                     	;# 
    46  008D                     	;# 
    47  008E                     	;# 
    48  0092                     	;# 
    49  0093                     	;# 
    50  0094                     	;# 
    51  0098                     	;# 
    52  0099                     	;# 
    53  009F                     	;# 
    54  010C                     	;# 
    55  010D                     	;# 
    56  010E                     	;# 
    57  010F                     	;# 
    58  018C                     	;# 
    59  0005                     _PORTA	set	5
    60  0085                     _TRISA	set	133
    61                           
    62                           	psect	maintext
    63  07F3                     __pmaintext:	
    64                           ; #config settings
    65                           
    66                           
    67                           ;psect for function _main
    68  0000                     
    69                           ; 0 bytes @ 0x4
    70 ;;
    71 ;;Main: autosize = 0, tempsize = 0, incstack = 0, save=0
    72 ;;
    73 ;; *************** function _main *****************
    74 ;; Defined at:
    75 ;;		line 19 in file "main.c"
    76 ;; Parameters:    Size  Location     Type
    77 ;;  argc            2    0[COMMON] int 
    78 ;;  argv            2    2[COMMON] PTR PTR unsigned char 
    79 ;; Auto vars:     Size  Location     Type
    80 ;;		None
    81 ;; Return value:  Size  Location     Type
    82 ;;                  2    0[COMMON] int 
    83 ;; Registers used:
    84 ;;		wreg, status,2
    85 ;; Tracked objects:
    86 ;;		On entry : 17F/0
    87 ;;		On exit  : 0/0
    88 ;;		Unchanged: 0/0
    89 ;; Data sizes:     COMMON   BANK0   BANK1   BANK3   BANK2
    90 ;;      Params:         4       0       0       0       0
    91 ;;      Locals:         0       0       0       0       0
    92 ;;      Temps:          0       0       0       0       0
    93 ;;      Totals:         4       0       0       0       0
    94 ;;Total ram usage:        4 bytes
    95 ;; This function calls:
    96 ;;		Nothing
    97 ;; This function is called by:
    98 ;;		Startup code after reset
    99 ;; This function uses a non-reentrant model
   100 ;;
   101  07F3                     _main:	
   102                           
   103                           ;main.c: 20: TRISA = 0;
   104                           
   105                           ;incstack = 0
   106                           ; Regs used in _main: [wreg+status,2]
   107  07F3  1683               	bsf	3,5	;RP0=1, select bank1
   108  07F4  1303               	bcf	3,6	;RP1=0, select bank1
   109  07F5  0185               	clrf	5	;volatile
   110                           
   111                           ;main.c: 21: PORTA = 0xFF;
   112  07F6  30FF               	movlw	255
   113  07F7  1283               	bcf	3,5	;RP0=0, select bank0
   114  07F8  1303               	bcf	3,6	;RP1=0, select bank0
   115  07F9                     L1:	
   116  07F9  0085               	movwf	5	;volatile
   117                           
   118                           ;main.c: 23: PORTA = 0xFF;
   119                           
   120                           ;main.c: 22: while(1){
   121  07FA  30FF               	movlw	255
   122  07FB  2FF9               	goto	L1
   123  07FC                     __end_of_main:	
   124  007E                     btemp	set	126	;btemp
   125  007E                     wtemp	set	126
   126  007E                     wtemp0	set	126
   127  0080                     wtemp1	set	128
   128  0082                     wtemp2	set	130
   129  0084                     wtemp3	set	132
   130  0086                     wtemp4	set	134
   131  0088                     wtemp5	set	136
   132  007F                     wtemp6	set	127
   133  007E                     ttemp	set	126
   134  007E                     ttemp0	set	126
   135  0081                     ttemp1	set	129
   136  0084                     ttemp2	set	132
   137  0087                     ttemp3	set	135
   138  007F                     ttemp4	set	127
   139  007E                     ltemp	set	126
   140  007E                     ltemp0	set	126
   141  0082                     ltemp1	set	130
   142  0086                     ltemp2	set	134
   143  0080                     ltemp3	set	128
   144                           
   145                           	psect	cinit
   146  07FC                     start_initialization:	
   147  07FC                     __initialization:	
   148  07FC                     end_of_initialization:	
   149                           ;End of C runtime variable initialization code
   150                           
   151  07FC                     __end_of__initialization:	
   152  07FC  0183               	clrf	3
   153  07FD  120A  118A  2FF3   	ljmp	_main	;jump to C main() function
   154                           
   155                           	psect	cstackCOMMON
   156  0070                     __pcstackCOMMON:	
   157  0070                     ?_main:	
   158  0070                     main@argc:	
   159                           ; 2 bytes @ 0x0
   160                           
   161                           
   162                           ; 2 bytes @ 0x0
   163  0070                     	ds	2
   164  0072                     main@argv:	
   165                           
   166                           ; 2 bytes @ 0x2
   167  0072                     	ds	2
   168  0074                     ??_main:	


Data Sizes:
    Strings     0
    Constant    0
    Data        0
    BSS         0
    Persistent  0
    Stack       0

Auto Spaces:
    Space          Size  Autos    Used
    COMMON           14      4       4
    BANK0            80      0       0
    BANK1            80      0       0
    BANK3            96      0       0
    BANK2            96      0       0

Pointer List with Targets:

    None.

Critical Paths under _main in COMMON

    None.

Critical Paths under _main in BANK0

    None.

Critical Paths under _main in BANK1

    None.

Critical Paths under _main in BANK3

    None.

Critical Paths under _main in BANK2

    None.

Call Graph Tables:

 ---------------------------------------------------------------------------------
 (Depth) Function   	        Calls       Base Space   Used Autos Params    Refs
 ---------------------------------------------------------------------------------
 (0) _main                                                 4     0      4       0
                                              0 COMMON     4     0      4
 ---------------------------------------------------------------------------------
 Estimated maximum stack depth 0
 ---------------------------------------------------------------------------------

 Call Graph Graphs:

 _main (ROOT)

 Address spaces:
Name               Size   Autos  Total    Cost      Usage
BITCOMMON            E      0       0       0        0.0%
NULL                 0      0       0       0        0.0%
CODE                 0      0       0       0        0.0%
COMMON               E      4       4       1       28.6%
BITSFR0              0      0       0       1        0.0%
SFR0                 0      0       0       1        0.0%
BITSFR1              0      0       0       2        0.0%
SFR1                 0      0       0       2        0.0%
STACK                0      0       0       2        0.0%
ABS                  0      0       0       3        0.0%
BITBANK0            50      0       0       4        0.0%
BITSFR3              0      0       0       4        0.0%
SFR3                 0      0       0       4        0.0%
BANK0               50      0       0       5        0.0%
BITSFR2              0      0       0       5        0.0%
SFR2                 0      0       0       5        0.0%
DATA                 0      0       0       6        0.0%
BITBANK1            50      0       0       7        0.0%
BANK1               50      0       0       8        0.0%
BITBANK3            60      0       0       9        0.0%
BANK3               60      0       0      10        0.0%
BITBANK2            60      0       0      11        0.0%
BANK2               60      0       0      12        0.0%


Microchip Technology PIC Macro Assembler V1.30 build 55553 
Symbol Table                                                                                   Tue Mar  4 22:35:21 2014

            __CFG_CP$OFF 0000             __CFG_FOSC$XT 0000                     _main 07F3  
                   btemp 007E                     ltemp 007E                     start 0001  
                   ttemp 007E                     wtemp 007E                    ?_main 0070  
          __CFG_WDTE$OFF 0000                    _PORTA 0005                    _TRISA 0085  
          __CFG_PWRTE$ON 0000           __CFG_BOREN$OFF 0000                    ltemp0 007E  
                  ltemp1 0082                    ltemp2 0086                    ltemp3 0080  
                  ttemp0 007E                    ttemp1 0081                    ttemp2 0084  
                  ttemp3 0087                    ttemp4 007F                    status 0003  
                  wtemp0 007E                    wtemp1 0080                    wtemp2 0082  
                  wtemp3 0084                    wtemp4 0086                    wtemp5 0088  
                  wtemp6 007F          __initialization 07FC             __end_of_main 07FC  
                 ??_main 0074  __end_of__initialization 07FC           __pcstackCOMMON 0070  
             __pmaintext 07F3     end_of_initialization 07FC      start_initialization 07FC  
              ___latbits 0002            __size_of_main 0009                 main@argc 0070  
               main@argv 0072  
