

Microchip Technology PIC LITE Macro Assembler V1.30 build 55553 
                                                                                               Thu Mar  6 10:39:54 2014

Microchip Technology Omniscient Code Generator (Lite mode) build 55553
     1                           	processor	16F76
     2                           	opt	pw 120
     3                           	opt	lm
     4                           	psect	maintext,global,class=CODE,split=1,delta=2
     5                           	psect	cinit,global,class=CODE,merge=1,delta=2
     6                           	psect	cstackCOMMON,global,class=COMMON,space=1,delta=1
     7                           	dabs	1,0x7E,2
     8  0000                     	;# 
     9  0001                     	;# 
    10  0002                     	;# 
    11  0003                     	;# 
    12  0004                     	;# 
    13  0005                     	;# 
    14  0006                     	;# 
    15  0007                     	;# 
    16  000A                     	;# 
    17  000B                     	;# 
    18  000C                     	;# 
    19  000D                     	;# 
    20  000E                     	;# 
    21  000E                     	;# 
    22  000F                     	;# 
    23  0010                     	;# 
    24  0011                     	;# 
    25  0012                     	;# 
    26  0013                     	;# 
    27  0014                     	;# 
    28  0015                     	;# 
    29  0015                     	;# 
    30  0016                     	;# 
    31  0017                     	;# 
    32  0018                     	;# 
    33  0019                     	;# 
    34  001A                     	;# 
    35  001B                     	;# 
    36  001B                     	;# 
    37  001C                     	;# 
    38  001D                     	;# 
    39  001E                     	;# 
    40  001F                     	;# 
    41  0081                     	;# 
    42  0085                     	;# 
    43  0086                     	;# 
    44  0087                     	;# 
    45  008C                     	;# 
    46  008D                     	;# 
    47  008E                     	;# 
    48  0092                     	;# 
    49  0093                     	;# 
    50  0094                     	;# 
    51  0098                     	;# 
    52  0099                     	;# 
    53  009F                     	;# 
    54  010C                     	;# 
    55  010D                     	;# 
    56  010E                     	;# 
    57  010F                     	;# 
    58  018C                     	;# 
    59  0005                     _PORTA	set	5
    60  0085                     _TRISA	set	133
    61                           
    62                           	psect	maintext
    63  07EE                     __pmaintext:	
    64                           ; #config settings
    65                           
    66                           
    67                           ;psect for function _main
    68  0000                     
    69 ;;
    70 ;;Main: autosize = 0, tempsize = 1, incstack = 0, save=0
    71 ;;
    72 ;; *************** function _main *****************
    73 ;; Defined at:
    74 ;;		line 15 in file "main.c"
    75 ;; Parameters:    Size  Location     Type
    76 ;;		None
    77 ;; Auto vars:     Size  Location     Type
    78 ;;		None
    79 ;; Return value:  Size  Location     Type
    80 ;;                  2    6[COMMON] int 
    81 ;; Registers used:
    82 ;;		wreg, status,2, status,0
    83 ;; Tracked objects:
    84 ;;		On entry : 17F/0
    85 ;;		On exit  : 0/0
    86 ;;		Unchanged: 0/0
    87 ;; Data sizes:     COMMON   BANK0   BANK1   BANK3   BANK2
    88 ;;      Params:         0       0       0       0       0
    89 ;;      Locals:         0       0       0       0       0
    90 ;;      Temps:          1       0       0       0       0
    91 ;;      Totals:         1       0       0       0       0
    92 ;;Total ram usage:        1 bytes
    93 ;; This function calls:
    94 ;;		Nothing
    95 ;; This function is called by:
    96 ;;		Startup code after reset
    97 ;; This function uses a non-reentrant model
    98 ;;
    99  07EE                     _main:	
   100                           
   101                           ;main.c: 16: TRISA = 0x20;
   102                           
   103                           ;incstack = 0
   104                           ; Regs used in _main: [wreg+status,2+status,0]
   105  07EE  3020               	movlw	32
   106  07EF  1683               	bsf	3,5	;RP0=1, select bank1
   107  07F0  1303               	bcf	3,6	;RP1=0, select bank1
   108  07F1  0085               	movwf	5	;volatile
   109  07F2  2FF4               	goto	l387
   110  07F3                     l389:	
   111                           
   112                           ;main.c: 21: PORTA |= 0x01;
   113  07F3  1405               	bsf	5,0	;volatile
   114  07F4                     l387:	
   115                           ;main.c: 19: while(1){
   116                           
   117                           ;main.c: 22: } else {
   118                           
   119                           
   120                           ;main.c: 20: if((PORTA&0x20)==0) {
   121  07F4  1283               	bcf	3,5	;RP0=0, select bank0
   122  07F5  1E85               	btfss	5,5	;volatile
   123  07F6  2FF3               	goto	l389
   124                           
   125                           ;main.c: 23: PORTA &= ~0x01;
   126  07F7  30FE               	movlw	254
   127  07F8  00F0               	movwf	??_main
   128  07F9  0870               	movf	??_main,w
   129  07FA  0585               	andwf	5,f	;volatile
   130  07FB  2FF4               	goto	l387
   131  07FC                     __end_of_main:	
   132  007E                     btemp	set	126	;btemp
   133  007E                     wtemp	set	126
   134  007E                     wtemp0	set	126
   135  0080                     wtemp1	set	128
   136  0082                     wtemp2	set	130
   137  0084                     wtemp3	set	132
   138  0086                     wtemp4	set	134
   139  0088                     wtemp5	set	136
   140  007F                     wtemp6	set	127
   141  007E                     ttemp	set	126
   142  007E                     ttemp0	set	126
   143  0081                     ttemp1	set	129
   144  0084                     ttemp2	set	132
   145  0087                     ttemp3	set	135
   146  007F                     ttemp4	set	127
   147  007E                     ltemp	set	126
   148  007E                     ltemp0	set	126
   149  0082                     ltemp1	set	130
   150  0086                     ltemp2	set	134
   151  0080                     ltemp3	set	128
   152                           
   153                           	psect	cinit
   154  07FC                     start_initialization:	
   155  07FC                     __initialization:	
   156  07FC                     end_of_initialization:	
   157                           ;End of C runtime variable initialization code
   158                           
   159  07FC                     __end_of__initialization:	
   160  07FC  0183               	clrf	3
   161  07FD  120A  118A  2FEE   	ljmp	_main	;jump to C main() function
   162                           
   163                           	psect	cstackCOMMON
   164  0070                     __pcstackCOMMON:	
   165  0070                     ??_main:	
   166  0070                     ?_main:	
   167                           ; 0 bytes @ 0x0
   168                           
   169                           
   170                           ; 2 bytes @ 0x0
   171  0070                     	ds	1


Data Sizes:
    Strings     0
    Constant    0
    Data        0
    BSS         0
    Persistent  0
    Stack       0

Auto Spaces:
    Space          Size  Autos    Used
    COMMON           14      1       1
    BANK0            80      0       0
    BANK1            80      0       0
    BANK3            96      0       0
    BANK2            96      0       0

Pointer List with Targets:

    None.

Critical Paths under _main in COMMON

    None.

Critical Paths under _main in BANK0

    None.

Critical Paths under _main in BANK1

    None.

Critical Paths under _main in BANK3

    None.

Critical Paths under _main in BANK2

    None.

Call Graph Tables:

 ---------------------------------------------------------------------------------
 (Depth) Function   	        Calls       Base Space   Used Autos Params    Refs
 ---------------------------------------------------------------------------------
 (0) _main                                                 1     1      0       0
                                              0 COMMON     1     1      0
 ---------------------------------------------------------------------------------
 Estimated maximum stack depth 0
 ---------------------------------------------------------------------------------

 Call Graph Graphs:

 _main (ROOT)

 Address spaces:
Name               Size   Autos  Total    Cost      Usage
BITCOMMON            E      0       0       0        0.0%
NULL                 0      0       0       0        0.0%
CODE                 0      0       0       0        0.0%
COMMON               E      1       1       1        7.1%
BITSFR0              0      0       0       1        0.0%
SFR0                 0      0       0       1        0.0%
BITSFR1              0      0       0       2        0.0%
SFR1                 0      0       0       2        0.0%
STACK                0      0       0       2        0.0%
ABS                  0      0       0       3        0.0%
BITBANK0            50      0       0       4        0.0%
BITSFR3              0      0       0       4        0.0%
SFR3                 0      0       0       4        0.0%
BANK0               50      0       0       5        0.0%
BITSFR2              0      0       0       5        0.0%
SFR2                 0      0       0       5        0.0%
DATA                 0      0       0       6        0.0%
BITBANK1            50      0       0       7        0.0%
BANK1               50      0       0       8        0.0%
BITBANK3            60      0       0       9        0.0%
BANK3               60      0       0      10        0.0%
BITBANK2            60      0       0      11        0.0%
BANK2               60      0       0      12        0.0%


Microchip Technology PIC Macro Assembler V1.30 build 55553 
Symbol Table                                                                                   Thu Mar  6 10:39:54 2014

            __CFG_CP$OFF 0000                      l387 07F4                      l389 07F3  
           __CFG_FOSC$HS 0000                     _main 07EE                     btemp 007E  
                   ltemp 007E                     start 0000                     ttemp 007E  
                   wtemp 007E                    ?_main 0070            __CFG_WDTE$OFF 0000  
                  _PORTA 0005                    _TRISA 0085           __CFG_BOREN$OFF 0000  
                  ltemp0 007E                    ltemp1 0082                    ltemp2 0086  
                  ltemp3 0080                    ttemp0 007E                    ttemp1 0081  
                  ttemp2 0084                    ttemp3 0087                    ttemp4 007F  
                  status 0003                    wtemp0 007E                    wtemp1 0080  
                  wtemp2 0082                    wtemp3 0084                    wtemp4 0086  
                  wtemp5 0088                    wtemp6 007F          __initialization 07FC  
           __end_of_main 07FC                   ??_main 0070           __CFG_PWRTE$OFF 0000  
__end_of__initialization 07FC           __pcstackCOMMON 0070               __pmaintext 07EE  
   end_of_initialization 07FC      start_initialization 07FC                ___latbits 0002  
          __size_of_main 000E  
